<?xml version="1.0" encoding="UTF-8"?>
<robot generator="Robot 6.1.1 (Python 3.12.0 on win32)" generated="20231229 21:31:42.570" rpa="false" schemaversion="4">
<suite id="s1" name="Tests" source="E:\pubsub_discoverer\tests">
<suite id="s1-s1" name="Suites" source="E:\pubsub_discoverer\tests\suites">
<suite id="s1-s1-s1" name="Sanity" source="E:\pubsub_discoverer\tests\suites\sanity">
<suite id="s1-s1-s1-s1" name="Schemas" source="E:\pubsub_discoverer\tests\suites\sanity\schemas.robot">
<test id="s1-s1-s1-s1-t1" name="List All Schemas" line="8">
<kw name="Create Pubsub Session" type="SETUP">
<msg timestamp="20231229 21:31:42.806" level="FAIL">No keyword with name 'Create Pubsub Session' found.</msg>
<status status="FAIL" starttime="20231229 21:31:42.806" endtime="20231229 21:31:42.806"/>
</kw>
<kw name="Delete All Sessions" type="TEARDOWN">
<msg timestamp="20231229 21:31:42.811" level="FAIL">No keyword with name 'Delete All Sessions' found.</msg>
<status status="FAIL" starttime="20231229 21:31:42.811" endtime="20231229 21:31:42.811">No keyword with name 'Delete All Sessions' found.</status>
</kw>
<status status="FAIL" starttime="20231229 21:31:42.800" endtime="20231229 21:31:42.812">Setup failed:
No keyword with name 'Create Pubsub Session' found.

Also teardown failed:
No keyword with name 'Delete All Sessions' found.</status>
</test>
<doc>Schema API Sanity Tests</doc>
<status status="FAIL" starttime="20231229 21:31:42.789" endtime="20231229 21:31:42.816"/>
</suite>
<status status="FAIL" starttime="20231229 21:31:42.784" endtime="20231229 21:31:42.820"/>
</suite>
<status status="FAIL" starttime="20231229 21:31:42.777" endtime="20231229 21:31:42.825"/>
</suite>
<status status="FAIL" starttime="20231229 21:31:42.588" endtime="20231229 21:31:42.830"/>
</suite>
<statistics>
<total>
<stat pass="0" fail="1" skip="0">All Tests</stat>
</total>
<tag>
</tag>
<suite>
<stat pass="0" fail="1" skip="0" id="s1" name="Tests">Tests</stat>
<stat pass="0" fail="1" skip="0" id="s1-s1" name="Suites">Tests.Suites</stat>
<stat pass="0" fail="1" skip="0" id="s1-s1-s1" name="Sanity">Tests.Suites.Sanity</stat>
<stat pass="0" fail="1" skip="0" id="s1-s1-s1-s1" name="Schemas">Tests.Suites.Sanity.Schemas</stat>
</suite>
</statistics>
<errors>
<msg timestamp="20231229 21:31:42.797" level="ERROR">Error in file 'E:\pubsub_discoverer\tests\suites\sanity\schemas.robot' on line 4: Resource file 'resources\all.resource' does not exist.</msg>
</errors>
</robot>
